    INFO :   root :   13-06-2025 11:24:45 PM :       opp  :Sending '/home/engineer/a.py' to device: D4:CB:CC:86:9D:8C 
   DEBUG :   root :   13-06-2025 11:24:47 PM :       opp  :Found OPP channel: 12 
    INFO :   root :   13-06-2025 11:24:52 PM :       opp  :File sent successfully via OPP. 
   DEBUG :   root :   13-06-2025 11:24:52 PM :       opp  :Full obexftp output:

Suppressing FBS.
Connecting...\done
Sending "/home/engineer/a.py"... |/done
Disconnecting...-done 
    INFO :   root :   13-06-2025 11:24:52 PM :   trigger  :**************************************************************************************************** 
    INFO :   root :   13-06-2025 11:24:52 PM :   trigger  :################### OPERATIONS ######################### 
    INFO :   root :   13-06-2025 11:24:52 PM :   trigger  :0.  Properties 
    INFO :   root :   13-06-2025 11:24:52 PM :   trigger  :1.  Scan on 
    INFO :   root :   13-06-2025 11:24:52 PM :   trigger  :2.  Scan off 
    INFO :   root :   13-06-2025 11:24:52 PM :   trigger  :3.  Devices 
    INFO :   root :   13-06-2025 11:24:52 PM :   trigger  :4.  Power[ON/OFF] 
    INFO :   root :   13-06-2025 11:24:52 PM :   trigger  :5.  Register the agent 
    INFO :   root :   13-06-2025 11:24:52 PM :   trigger  :6.  Pair 
    INFO :   root :   13-06-2025 11:24:52 PM :   trigger  :7.  Check paired Devices 
    INFO :   root :   13-06-2025 11:24:52 PM :   trigger  :8.  Check Connected Devices 
    INFO :   root :   13-06-2025 11:24:52 PM :   trigger  :9.  Connect 
    INFO :   root :   13-06-2025 11:24:52 PM :   trigger  :10. Disconnect 
    INFO :   root :   13-06-2025 11:24:52 PM :   trigger  :11. Remove Device 
    INFO :   root :   13-06-2025 11:24:52 PM :   trigger  :12. Discoverable on 
    INFO :   root :   13-06-2025 11:24:52 PM :   trigger  :13. Discoverable off 
    INFO :   root :   13-06-2025 11:24:52 PM :   trigger  :14. Trusted 
    INFO :   root :   13-06-2025 11:24:52 PM :   trigger  :15. Register Agent as Default 
    INFO :   root :   13-06-2025 11:24:52 PM :   trigger  :16. Print UUID's  
    INFO :   root :   13-06-2025 11:24:52 PM :   trigger  :17. Controller Supported UUID's 
    INFO :   root :   13-06-2025 11:24:52 PM :   trigger  :18. Set Pairable Timeout 
    INFO :   root :   13-06-2025 11:24:52 PM :   trigger  :19. Get Pairable Timeout 
    INFO :   root :   13-06-2025 11:24:52 PM :   trigger  :20. Set Discoverable Timeout 
    INFO :   root :   13-06-2025 11:24:52 PM :   trigger  :21. Get Discoverable Timeout 
    INFO :   root :   13-06-2025 11:24:52 PM :   trigger  :22. opp file transfer file  
    INFO :   root :   13-06-2025 11:24:52 PM :   trigger  :23. phone contact details  
    INFO :   root :   13-06-2025 11:24:52 PM :   trigger  :30. Exit 
    INFO :   root :   13-06-2025 11:24:52 PM :   trigger  :**************************************************************************************************** 
   DEBUG :   root :   13-06-2025 11:25:07 PM :   trigger  : User is trying to access the D-Bus Api's  
