    INFO :   root :   20-06-2025 04:54:22 PM :     utils  :**************************************************************************************************** 
    INFO :   root :   20-06-2025 04:54:22 PM :     utils  : D-bus Daemon Initiated.... 
    INFO :   root :   20-06-2025 04:54:22 PM :     utils  : Bluetooth-d Daemon Initiated.... 
    INFO :   root :   20-06-2025 04:54:22 PM :     utils  :**************************************************************************************************** 
    INFO : numexpr.utils :   20-06-2025 04:54:22 PM :     utils  :NumExpr defaulting to 8 threads. 
    INFO :   root :   20-06-2025 04:54:22 PM :     utils  :======= List of Active Dongles ======== 
    INFO :   root :   20-06-2025 04:54:22 PM :     utils  :1: /org/bluez/hci1 
    INFO :   root :   20-06-2025 04:54:22 PM :     utils  :2: /org/bluez/hci0 
    INFO : Classic_Bluetooth_Profile.hfp :   20-06-2025 04:54:23 PM :   trigger  : Selected interface: /org/bluez/hci0 
    INFO : Classic_Bluetooth_Profile.hfp :   20-06-2025 04:54:23 PM :   trigger  :**************************************************************************************************** 
    INFO : Classic_Bluetooth_Profile.hfp :   20-06-2025 04:54:23 PM :   trigger  :################### OPERATIONS ######################### 
    INFO : Classic_Bluetooth_Profile.hfp :   20-06-2025 04:54:23 PM :   trigger  :0.  Properties 
    INFO : Classic_Bluetooth_Profile.hfp :   20-06-2025 04:54:23 PM :   trigger  :1.  Scan on 
    INFO : Classic_Bluetooth_Profile.hfp :   20-06-2025 04:54:23 PM :   trigger  :2.  Scan off 
    INFO : Classic_Bluetooth_Profile.hfp :   20-06-2025 04:54:23 PM :   trigger  :3.  Devices 
    INFO : Classic_Bluetooth_Profile.hfp :   20-06-2025 04:54:23 PM :   trigger  :4.  Power[ON/OFF] 
    INFO : Classic_Bluetooth_Profile.hfp :   20-06-2025 04:54:23 PM :   trigger  :5.  Register the agent 
    INFO : Classic_Bluetooth_Profile.hfp :   20-06-2025 04:54:23 PM :   trigger  :6.  Pair 
    INFO : Classic_Bluetooth_Profile.hfp :   20-06-2025 04:54:23 PM :   trigger  :7.  Check paired Devices 
    INFO : Classic_Bluetooth_Profile.hfp :   20-06-2025 04:54:23 PM :   trigger  :8.  Check Connected Devices 
    INFO : Classic_Bluetooth_Profile.hfp :   20-06-2025 04:54:23 PM :   trigger  :9.  Connect 
    INFO : Classic_Bluetooth_Profile.hfp :   20-06-2025 04:54:23 PM :   trigger  :10. Disconnect 
    INFO : Classic_Bluetooth_Profile.hfp :   20-06-2025 04:54:23 PM :   trigger  :11. Remove Device 
    INFO : Classic_Bluetooth_Profile.hfp :   20-06-2025 04:54:23 PM :   trigger  :12. Discoverable on 
    INFO : Classic_Bluetooth_Profile.hfp :   20-06-2025 04:54:23 PM :   trigger  :13. Discoverable off 
    INFO : Classic_Bluetooth_Profile.hfp :   20-06-2025 04:54:23 PM :   trigger  :14. Trusted 
    INFO : Classic_Bluetooth_Profile.hfp :   20-06-2025 04:54:23 PM :   trigger  :15. Register Agent as Default 
    INFO : Classic_Bluetooth_Profile.hfp :   20-06-2025 04:54:23 PM :   trigger  :16. Print UUID's  
    INFO : Classic_Bluetooth_Profile.hfp :   20-06-2025 04:54:23 PM :   trigger  :17. Controller Supported UUID's 
    INFO : Classic_Bluetooth_Profile.hfp :   20-06-2025 04:54:23 PM :   trigger  :18. Set Pairable Timeout 
    INFO : Classic_Bluetooth_Profile.hfp :   20-06-2025 04:54:23 PM :   trigger  :19. Get Pairable Timeout 
    INFO : Classic_Bluetooth_Profile.hfp :   20-06-2025 04:54:23 PM :   trigger  :20. Set Discoverable Timeout 
    INFO : Classic_Bluetooth_Profile.hfp :   20-06-2025 04:54:23 PM :   trigger  :21. Get Discoverable Timeout 
    INFO : Classic_Bluetooth_Profile.hfp :   20-06-2025 04:54:23 PM :   trigger  :22. opp file transfer file  
    INFO : Classic_Bluetooth_Profile.hfp :   20-06-2025 04:54:23 PM :   trigger  :23. phone contact details  
    INFO : Classic_Bluetooth_Profile.hfp :   20-06-2025 04:54:23 PM :   trigger  :24. A2DP Profile and A2DP Media Control  
    INFO : Classic_Bluetooth_Profile.hfp :   20-06-2025 04:54:23 PM :   trigger  :25. HFP Profile testing.   
    INFO : Classic_Bluetooth_Profile.hfp :   20-06-2025 04:54:23 PM :   trigger  :30. Exit 
    INFO : Classic_Bluetooth_Profile.hfp :   20-06-2025 04:54:23 PM :   trigger  :**************************************************************************************************** 
