   ERROR :   root :   14-06-2025 01:12:57 AM :   trigger  :File does not exist. Please provide a valid file. 
    INFO :   root :   14-06-2025 01:12:57 AM :   trigger  :**************************************************************************************************** 
    INFO :   root :   14-06-2025 01:12:57 AM :   trigger  :################### OPERATIONS ######################### 
    INFO :   root :   14-06-2025 01:12:57 AM :   trigger  :0.  Properties 
    INFO :   root :   14-06-2025 01:12:57 AM :   trigger  :1.  Scan on 
    INFO :   root :   14-06-2025 01:12:57 AM :   trigger  :2.  Scan off 
    INFO :   root :   14-06-2025 01:12:57 AM :   trigger  :3.  Devices 
    INFO :   root :   14-06-2025 01:12:57 AM :   trigger  :4.  Power[ON/OFF] 
    INFO :   root :   14-06-2025 01:12:57 AM :   trigger  :5.  Register the agent 
    INFO :   root :   14-06-2025 01:12:57 AM :   trigger  :6.  Pair 
    INFO :   root :   14-06-2025 01:12:57 AM :   trigger  :7.  Check paired Devices 
    INFO :   root :   14-06-2025 01:12:57 AM :   trigger  :8.  Check Connected Devices 
    INFO :   root :   14-06-2025 01:12:57 AM :   trigger  :9.  Connect 
    INFO :   root :   14-06-2025 01:12:57 AM :   trigger  :10. Disconnect 
    INFO :   root :   14-06-2025 01:12:57 AM :   trigger  :11. Remove Device 
    INFO :   root :   14-06-2025 01:12:57 AM :   trigger  :12. Discoverable on 
    INFO :   root :   14-06-2025 01:12:57 AM :   trigger  :13. Discoverable off 
    INFO :   root :   14-06-2025 01:12:57 AM :   trigger  :14. Trusted 
    INFO :   root :   14-06-2025 01:12:57 AM :   trigger  :15. Register Agent as Default 
    INFO :   root :   14-06-2025 01:12:57 AM :   trigger  :16. Print UUID's  
    INFO :   root :   14-06-2025 01:12:57 AM :   trigger  :17. Controller Supported UUID's 
    INFO :   root :   14-06-2025 01:12:57 AM :   trigger  :18. Set Pairable Timeout 
    INFO :   root :   14-06-2025 01:12:57 AM :   trigger  :19. Get Pairable Timeout 
    INFO :   root :   14-06-2025 01:12:57 AM :   trigger  :20. Set Discoverable Timeout 
    INFO :   root :   14-06-2025 01:12:57 AM :   trigger  :21. Get Discoverable Timeout 
    INFO :   root :   14-06-2025 01:12:57 AM :   trigger  :22. opp file transfer file  
    INFO :   root :   14-06-2025 01:12:57 AM :   trigger  :23. phone contact details  
    INFO :   root :   14-06-2025 01:12:57 AM :   trigger  :30. Exit 
    INFO :   root :   14-06-2025 01:12:57 AM :   trigger  :**************************************************************************************************** 
    INFO :   root :   14-06-2025 01:13:24 AM :   trigger  : Invalid Choise, ValueError   
    INFO :   root :   14-06-2025 01:13:24 AM :   trigger  :**************************************************************************************************** 
    INFO :   root :   14-06-2025 01:13:24 AM :   trigger  :################### OPERATIONS ######################### 
    INFO :   root :   14-06-2025 01:13:24 AM :   trigger  :0.  Properties 
    INFO :   root :   14-06-2025 01:13:24 AM :   trigger  :1.  Scan on 
    INFO :   root :   14-06-2025 01:13:24 AM :   trigger  :2.  Scan off 
    INFO :   root :   14-06-2025 01:13:24 AM :   trigger  :3.  Devices 
    INFO :   root :   14-06-2025 01:13:24 AM :   trigger  :4.  Power[ON/OFF] 
    INFO :   root :   14-06-2025 01:13:24 AM :   trigger  :5.  Register the agent 
    INFO :   root :   14-06-2025 01:13:24 AM :   trigger  :6.  Pair 
    INFO :   root :   14-06-2025 01:13:24 AM :   trigger  :7.  Check paired Devices 
    INFO :   root :   14-06-2025 01:13:24 AM :   trigger  :8.  Check Connected Devices 
    INFO :   root :   14-06-2025 01:13:24 AM :   trigger  :9.  Connect 
    INFO :   root :   14-06-2025 01:13:24 AM :   trigger  :10. Disconnect 
    INFO :   root :   14-06-2025 01:13:24 AM :   trigger  :11. Remove Device 
    INFO :   root :   14-06-2025 01:13:24 AM :   trigger  :12. Discoverable on 
    INFO :   root :   14-06-2025 01:13:24 AM :   trigger  :13. Discoverable off 
    INFO :   root :   14-06-2025 01:13:24 AM :   trigger  :14. Trusted 
    INFO :   root :   14-06-2025 01:13:24 AM :   trigger  :15. Register Agent as Default 
    INFO :   root :   14-06-2025 01:13:24 AM :   trigger  :16. Print UUID's  
    INFO :   root :   14-06-2025 01:13:24 AM :   trigger  :17. Controller Supported UUID's 
    INFO :   root :   14-06-2025 01:13:24 AM :   trigger  :18. Set Pairable Timeout 
    INFO :   root :   14-06-2025 01:13:24 AM :   trigger  :19. Get Pairable Timeout 
    INFO :   root :   14-06-2025 01:13:24 AM :   trigger  :20. Set Discoverable Timeout 
    INFO :   root :   14-06-2025 01:13:24 AM :   trigger  :21. Get Discoverable Timeout 
    INFO :   root :   14-06-2025 01:13:24 AM :   trigger  :22. opp file transfer file  
    INFO :   root :   14-06-2025 01:13:24 AM :   trigger  :23. phone contact details  
    INFO :   root :   14-06-2025 01:13:24 AM :   trigger  :30. Exit 
    INFO :   root :   14-06-2025 01:13:24 AM :   trigger  :**************************************************************************************************** 
    INFO :   root :   14-06-2025 01:13:25 AM :   trigger  : Invalid Choise, ValueError   
    INFO :   root :   14-06-2025 01:13:25 AM :   trigger  :**************************************************************************************************** 
    INFO :   root :   14-06-2025 01:13:25 AM :   trigger  :################### OPERATIONS ######################### 
    INFO :   root :   14-06-2025 01:13:25 AM :   trigger  :0.  Properties 
    INFO :   root :   14-06-2025 01:13:25 AM :   trigger  :1.  Scan on 
    INFO :   root :   14-06-2025 01:13:25 AM :   trigger  :2.  Scan off 
    INFO :   root :   14-06-2025 01:13:25 AM :   trigger  :3.  Devices 
    INFO :   root :   14-06-2025 01:13:25 AM :   trigger  :4.  Power[ON/OFF] 
    INFO :   root :   14-06-2025 01:13:25 AM :   trigger  :5.  Register the agent 
    INFO :   root :   14-06-2025 01:13:25 AM :   trigger  :6.  Pair 
    INFO :   root :   14-06-2025 01:13:25 AM :   trigger  :7.  Check paired Devices 
    INFO :   root :   14-06-2025 01:13:25 AM :   trigger  :8.  Check Connected Devices 
    INFO :   root :   14-06-2025 01:13:25 AM :   trigger  :9.  Connect 
    INFO :   root :   14-06-2025 01:13:25 AM :   trigger  :10. Disconnect 
    INFO :   root :   14-06-2025 01:13:25 AM :   trigger  :11. Remove Device 
    INFO :   root :   14-06-2025 01:13:25 AM :   trigger  :12. Discoverable on 
    INFO :   root :   14-06-2025 01:13:25 AM :   trigger  :13. Discoverable off 
    INFO :   root :   14-06-2025 01:13:25 AM :   trigger  :14. Trusted 
    INFO :   root :   14-06-2025 01:13:25 AM :   trigger  :15. Register Agent as Default 
    INFO :   root :   14-06-2025 01:13:25 AM :   trigger  :16. Print UUID's  
    INFO :   root :   14-06-2025 01:13:25 AM :   trigger  :17. Controller Supported UUID's 
    INFO :   root :   14-06-2025 01:13:25 AM :   trigger  :18. Set Pairable Timeout 
    INFO :   root :   14-06-2025 01:13:25 AM :   trigger  :19. Get Pairable Timeout 
    INFO :   root :   14-06-2025 01:13:25 AM :   trigger  :20. Set Discoverable Timeout 
    INFO :   root :   14-06-2025 01:13:25 AM :   trigger  :21. Get Discoverable Timeout 
    INFO :   root :   14-06-2025 01:13:25 AM :   trigger  :22. opp file transfer file  
    INFO :   root :   14-06-2025 01:13:25 AM :   trigger  :23. phone contact details  
    INFO :   root :   14-06-2025 01:13:25 AM :   trigger  :30. Exit 
    INFO :   root :   14-06-2025 01:13:25 AM :   trigger  :**************************************************************************************************** 
    INFO :   root :   14-06-2025 01:13:30 AM :   trigger  :#################################################################################################### 
    INFO :   root :   14-06-2025 01:13:30 AM :   trigger  :Using paired device for OPP transfer: D4:CB:CC:86:9D:8C 
    INFO :   root :   14-06-2025 01:13:46 AM :       opp  :Sending '/home/engineer/b.py' to device: D4:CB:CC:86:9D:8C 
    INFO :   root :   14-06-2025 01:13:51 AM :       opp  :File sent successfully via OPP. 
    INFO :   root :   14-06-2025 01:13:51 AM :   trigger  :**************************************************************************************************** 
    INFO :   root :   14-06-2025 01:13:51 AM :   trigger  :################### OPERATIONS ######################### 
    INFO :   root :   14-06-2025 01:13:51 AM :   trigger  :0.  Properties 
    INFO :   root :   14-06-2025 01:13:51 AM :   trigger  :1.  Scan on 
    INFO :   root :   14-06-2025 01:13:51 AM :   trigger  :2.  Scan off 
    INFO :   root :   14-06-2025 01:13:51 AM :   trigger  :3.  Devices 
    INFO :   root :   14-06-2025 01:13:51 AM :   trigger  :4.  Power[ON/OFF] 
    INFO :   root :   14-06-2025 01:13:51 AM :   trigger  :5.  Register the agent 
    INFO :   root :   14-06-2025 01:13:51 AM :   trigger  :6.  Pair 
    INFO :   root :   14-06-2025 01:13:51 AM :   trigger  :7.  Check paired Devices 
    INFO :   root :   14-06-2025 01:13:51 AM :   trigger  :8.  Check Connected Devices 
    INFO :   root :   14-06-2025 01:13:51 AM :   trigger  :9.  Connect 
    INFO :   root :   14-06-2025 01:13:51 AM :   trigger  :10. Disconnect 
    INFO :   root :   14-06-2025 01:13:51 AM :   trigger  :11. Remove Device 
    INFO :   root :   14-06-2025 01:13:51 AM :   trigger  :12. Discoverable on 
    INFO :   root :   14-06-2025 01:13:51 AM :   trigger  :13. Discoverable off 
    INFO :   root :   14-06-2025 01:13:51 AM :   trigger  :14. Trusted 
    INFO :   root :   14-06-2025 01:13:51 AM :   trigger  :15. Register Agent as Default 
    INFO :   root :   14-06-2025 01:13:51 AM :   trigger  :16. Print UUID's  
    INFO :   root :   14-06-2025 01:13:51 AM :   trigger  :17. Controller Supported UUID's 
    INFO :   root :   14-06-2025 01:13:51 AM :   trigger  :18. Set Pairable Timeout 
    INFO :   root :   14-06-2025 01:13:51 AM :   trigger  :19. Get Pairable Timeout 
    INFO :   root :   14-06-2025 01:13:51 AM :   trigger  :20. Set Discoverable Timeout 
    INFO :   root :   14-06-2025 01:13:51 AM :   trigger  :21. Get Discoverable Timeout 
    INFO :   root :   14-06-2025 01:13:51 AM :   trigger  :22. opp file transfer file  
    INFO :   root :   14-06-2025 01:13:51 AM :   trigger  :23. phone contact details  
    INFO :   root :   14-06-2025 01:13:51 AM :   trigger  :30. Exit 
    INFO :   root :   14-06-2025 01:13:51 AM :   trigger  :**************************************************************************************************** 
