    INFO :   root :   14-06-2025 12:32:12 PM :     utils  :======= List of Active Dongles ======== 
    INFO :   root :   14-06-2025 12:32:12 PM :     utils  :1: /org/bluez/hci1 
    INFO :   root :   14-06-2025 12:32:12 PM :     utils  :2: /org/bluez/hci0 
    INFO :   root :   14-06-2025 12:32:15 PM :   trigger  : Selected interface: /org/bluez/hci0 
    INFO :   root :   14-06-2025 12:32:15 PM :   trigger  :**************************************************************************************************** 
    INFO :   root :   14-06-2025 12:32:15 PM :   trigger  :################### OPERATIONS ######################### 
    INFO :   root :   14-06-2025 12:32:15 PM :   trigger  :0.  Properties 
    INFO :   root :   14-06-2025 12:32:15 PM :   trigger  :1.  Scan on 
    INFO :   root :   14-06-2025 12:32:15 PM :   trigger  :2.  Scan off 
    INFO :   root :   14-06-2025 12:32:15 PM :   trigger  :3.  Devices 
    INFO :   root :   14-06-2025 12:32:15 PM :   trigger  :4.  Power[ON/OFF] 
    INFO :   root :   14-06-2025 12:32:15 PM :   trigger  :5.  Register the agent 
    INFO :   root :   14-06-2025 12:32:15 PM :   trigger  :6.  Pair 
    INFO :   root :   14-06-2025 12:32:15 PM :   trigger  :7.  Check paired Devices 
    INFO :   root :   14-06-2025 12:32:15 PM :   trigger  :8.  Check Connected Devices 
    INFO :   root :   14-06-2025 12:32:15 PM :   trigger  :9.  Connect 
    INFO :   root :   14-06-2025 12:32:15 PM :   trigger  :10. Disconnect 
    INFO :   root :   14-06-2025 12:32:15 PM :   trigger  :11. Remove Device 
    INFO :   root :   14-06-2025 12:32:15 PM :   trigger  :12. Discoverable on 
    INFO :   root :   14-06-2025 12:32:15 PM :   trigger  :13. Discoverable off 
    INFO :   root :   14-06-2025 12:32:15 PM :   trigger  :14. Trusted 
    INFO :   root :   14-06-2025 12:32:15 PM :   trigger  :15. Register Agent as Default 
    INFO :   root :   14-06-2025 12:32:15 PM :   trigger  :16. Print UUID's  
    INFO :   root :   14-06-2025 12:32:15 PM :   trigger  :17. Controller Supported UUID's 
    INFO :   root :   14-06-2025 12:32:15 PM :   trigger  :18. Set Pairable Timeout 
    INFO :   root :   14-06-2025 12:32:15 PM :   trigger  :19. Get Pairable Timeout 
    INFO :   root :   14-06-2025 12:32:15 PM :   trigger  :20. Set Discoverable Timeout 
    INFO :   root :   14-06-2025 12:32:15 PM :   trigger  :21. Get Discoverable Timeout 
    INFO :   root :   14-06-2025 12:32:15 PM :   trigger  :22. opp file transfer file  
    INFO :   root :   14-06-2025 12:32:15 PM :   trigger  :23. phone contact details  
    INFO :   root :   14-06-2025 12:32:15 PM :   trigger  :24. A2DP Profile and A2DP Media Control  
    INFO :   root :   14-06-2025 12:32:15 PM :   trigger  :30. Exit 
    INFO :   root :   14-06-2025 12:32:15 PM :   trigger  :**************************************************************************************************** 
    INFO :   root :   14-06-2025 12:32:17 PM :   trigger  :#################################################################################################### 
   DEBUG :   root :   14-06-2025 12:32:17 PM :   trigger  : User is trying to access the D-Bus Api's  
   DEBUG :   root :   14-06-2025 12:32:17 PM :   trigger  :User selected the option to send details about phone contact details in Excel sheet format with name and number. 
    INFO :   root :   14-06-2025 12:32:20 PM :      pbap  :Fetching contacts from  
