    INFO :   root :   14-06-2025 12:18:08 PM :   trigger  :**************************************************************************************************** 
    INFO :   root :   14-06-2025 12:18:08 PM :   trigger  :**************************************************************************************************** 
    INFO :   root :   14-06-2025 12:18:08 PM :   trigger  :**************************************************************************************************** 
    INFO :   root :   14-06-2025 12:18:08 PM :   trigger  :🎵 A2DP Media Control Test Menu 🎵 
    INFO :   root :   14-06-2025 12:18:08 PM :   trigger  :🎵 A2DP Media Control Test Menu 🎵 
    INFO :   root :   14-06-2025 12:18:08 PM :   trigger  :🎵 A2DP Media Control Test Menu 🎵 
    INFO :   root :   14-06-2025 12:18:08 PM :   trigger  :1. Pause Media 
    INFO :   root :   14-06-2025 12:18:08 PM :   trigger  :1. Pause Media 
    INFO :   root :   14-06-2025 12:18:08 PM :   trigger  :1. Pause Media 
    INFO :   root :   14-06-2025 12:18:08 PM :   trigger  :2. Play Media 
    INFO :   root :   14-06-2025 12:18:08 PM :   trigger  :2. Play Media 
    INFO :   root :   14-06-2025 12:18:08 PM :   trigger  :2. Play Media 
    INFO :   root :   14-06-2025 12:18:08 PM :   trigger  :3. Skip Track 
    INFO :   root :   14-06-2025 12:18:08 PM :   trigger  :3. Skip Track 
    INFO :   root :   14-06-2025 12:18:08 PM :   trigger  :3. Skip Track 
    INFO :   root :   14-06-2025 12:18:08 PM :   trigger  :4. Full Sequence: Pause ➝ Play ➝ Skip 
    INFO :   root :   14-06-2025 12:18:08 PM :   trigger  :4. Full Sequence: Pause ➝ Play ➝ Skip 
    INFO :   root :   14-06-2025 12:18:08 PM :   trigger  :4. Full Sequence: Pause ➝ Play ➝ Skip 
    INFO :   root :   14-06-2025 12:18:08 PM :   trigger  :5. Exit A2DP Media Test 
    INFO :   root :   14-06-2025 12:18:08 PM :   trigger  :5. Exit A2DP Media Test 
    INFO :   root :   14-06-2025 12:18:08 PM :   trigger  :5. Exit A2DP Media Test 
